[debug] [2024-04-21T16:31:42.068Z] ----------------------------------------------------------------------
[debug] [2024-04-21T16:31:42.073Z] Command:       /usr/local/bin/firebase /Users/admin/.cache/firebase/tools/lib/node_modules/firebase-tools/lib/bin/firebase deploy
[debug] [2024-04-21T16:31:42.085Z] CLI Version:   11.18.0
[debug] [2024-04-21T16:31:42.085Z] Platform:      darwin
[debug] [2024-04-21T16:31:42.085Z] Node Version:  v16.16.0
[debug] [2024-04-21T16:31:42.088Z] Time:          Sun Apr 21 2024 23:31:42 GMT+0700 (Indochina Time)
[debug] [2024-04-21T16:31:42.089Z] ----------------------------------------------------------------------
[debug] 
[debug] [2024-04-21T16:31:42.429Z] > command requires scopes: ["email","openid","https://www.googleapis.com/auth/cloudplatformprojects.readonly","https://www.googleapis.com/auth/firebase","https://www.googleapis.com/auth/cloud-platform"]
[debug] [2024-04-21T16:31:42.441Z] > authorizing via signed-in user (momabz6@gmail.com)
[debug] [2024-04-21T16:31:42.441Z] [iam] checking project frankl-ai for permissions ["firebase.projects.get","firebasehosting.sites.update"]
[debug] [2024-04-21T16:31:42.447Z] >>> [apiv2][query] POST https://cloudresourcemanager.googleapis.com/v1/projects/frankl-ai:testIamPermissions [none]
[debug] [2024-04-21T16:31:42.448Z] >>> [apiv2][(partial)header] POST https://cloudresourcemanager.googleapis.com/v1/projects/frankl-ai:testIamPermissions x-goog-quota-user=projects/frankl-ai
[debug] [2024-04-21T16:31:42.449Z] >>> [apiv2][body] POST https://cloudresourcemanager.googleapis.com/v1/projects/frankl-ai:testIamPermissions {"permissions":["firebase.projects.get","firebasehosting.sites.update"]}
[debug] [2024-04-21T16:31:43.632Z] <<< [apiv2][status] POST https://cloudresourcemanager.googleapis.com/v1/projects/frankl-ai:testIamPermissions 200
[debug] [2024-04-21T16:31:43.643Z] <<< [apiv2][body] POST https://cloudresourcemanager.googleapis.com/v1/projects/frankl-ai:testIamPermissions {"permissions":["firebase.projects.get","firebasehosting.sites.update"]}
[debug] [2024-04-21T16:31:43.698Z] >>> [apiv2][query] GET https://firebase.googleapis.com/v1beta1/projects/frankl-ai [none]
[debug] [2024-04-21T16:31:44.177Z] <<< [apiv2][status] GET https://firebase.googleapis.com/v1beta1/projects/frankl-ai 200
[debug] [2024-04-21T16:31:44.178Z] <<< [apiv2][body] GET https://firebase.googleapis.com/v1beta1/projects/frankl-ai {"projectId":"frankl-ai","projectNumber":"563896643369","displayName":"frankl-ai","name":"projects/frankl-ai","resources":{"hostingSite":"frankl-ai"},"state":"ACTIVE","etag":"1_4661ef3f-125a-4b89-9b9b-3c0c90226f48"}
[debug] [2024-04-21T16:34:05.194Z] Error: The package "esbuild-darwin-64" could not be found, and is needed by esbuild.

If you are installing esbuild with npm, make sure that you don't specify the
"--no-optional" flag. The "optionalDependencies" package.json feature is used
by esbuild to install the correct binary executable for your current platform.
    at generateBinPath (/Users/admin/.cache/firebase/tools/lib/node_modules/firebase-tools/node_modules/esbuild/lib/main.js:1786:15)
    at esbuildCommandAndArgs (/Users/admin/.cache/firebase/tools/lib/node_modules/firebase-tools/node_modules/esbuild/lib/main.js:1850:33)
    at ensureServiceIsRunning (/Users/admin/.cache/firebase/tools/lib/node_modules/firebase-tools/node_modules/esbuild/lib/main.js:2015:25)
    at Object.build (/Users/admin/.cache/firebase/tools/lib/node_modules/firebase-tools/node_modules/esbuild/lib/main.js:1906:26)
    at ɵcodegenFunctionsDirectory (/Users/admin/.cache/firebase/tools/lib/node_modules/firebase-tools/lib/frameworks/next/index.js:233:23)
    at async prepareFrameworks (/Users/admin/.cache/firebase/tools/lib/node_modules/firebase-tools/lib/frameworks/index.js:302:84)
    at async deploy (/Users/admin/.cache/firebase/tools/lib/node_modules/firebase-tools/lib/deploy/index.js:53:13)
[error] 
[error] Error: An unexpected error has occurred.
[debug] [2024-04-21T16:40:05.387Z] ----------------------------------------------------------------------
[debug] [2024-04-21T16:40:05.403Z] Command:       /usr/local/bin/firebase /Users/admin/.cache/firebase/tools/lib/node_modules/firebase-tools/lib/bin/firebase deploy
[debug] [2024-04-21T16:40:05.404Z] CLI Version:   11.18.0
[debug] [2024-04-21T16:40:05.405Z] Platform:      darwin
[debug] [2024-04-21T16:40:05.405Z] Node Version:  v16.16.0
[debug] [2024-04-21T16:40:05.407Z] Time:          Sun Apr 21 2024 23:40:05 GMT+0700 (Indochina Time)
[debug] [2024-04-21T16:40:05.408Z] ----------------------------------------------------------------------
[debug] 
[debug] [2024-04-21T16:40:05.803Z] > command requires scopes: ["email","openid","https://www.googleapis.com/auth/cloudplatformprojects.readonly","https://www.googleapis.com/auth/firebase","https://www.googleapis.com/auth/cloud-platform"]
[debug] [2024-04-21T16:40:05.805Z] > authorizing via signed-in user (momabz6@gmail.com)
[debug] [2024-04-21T16:40:05.805Z] [iam] checking project frankl-ai for permissions ["firebase.projects.get","firebasehosting.sites.update"]
[debug] [2024-04-21T16:40:05.821Z] >>> [apiv2][query] POST https://cloudresourcemanager.googleapis.com/v1/projects/frankl-ai:testIamPermissions [none]
[debug] [2024-04-21T16:40:05.822Z] >>> [apiv2][(partial)header] POST https://cloudresourcemanager.googleapis.com/v1/projects/frankl-ai:testIamPermissions x-goog-quota-user=projects/frankl-ai
[debug] [2024-04-21T16:40:05.822Z] >>> [apiv2][body] POST https://cloudresourcemanager.googleapis.com/v1/projects/frankl-ai:testIamPermissions {"permissions":["firebase.projects.get","firebasehosting.sites.update"]}
[debug] [2024-04-21T16:40:07.040Z] <<< [apiv2][status] POST https://cloudresourcemanager.googleapis.com/v1/projects/frankl-ai:testIamPermissions 200
[debug] [2024-04-21T16:40:07.041Z] <<< [apiv2][body] POST https://cloudresourcemanager.googleapis.com/v1/projects/frankl-ai:testIamPermissions {"permissions":["firebase.projects.get","firebasehosting.sites.update"]}
[debug] [2024-04-21T16:40:07.044Z] >>> [apiv2][query] GET https://firebase.googleapis.com/v1beta1/projects/frankl-ai [none]
[debug] [2024-04-21T16:40:07.491Z] <<< [apiv2][status] GET https://firebase.googleapis.com/v1beta1/projects/frankl-ai 200
[debug] [2024-04-21T16:40:07.491Z] <<< [apiv2][body] GET https://firebase.googleapis.com/v1beta1/projects/frankl-ai {"projectId":"frankl-ai","projectNumber":"563896643369","displayName":"frankl-ai","name":"projects/frankl-ai","resources":{"hostingSite":"frankl-ai"},"state":"ACTIVE","etag":"1_4661ef3f-125a-4b89-9b9b-3c0c90226f48"}
[debug] [2024-04-21T16:41:38.407Z] Error: The package "esbuild-darwin-64" could not be found, and is needed by esbuild.

If you are installing esbuild with npm, make sure that you don't specify the
"--no-optional" flag. The "optionalDependencies" package.json feature is used
by esbuild to install the correct binary executable for your current platform.
    at generateBinPath (/Users/admin/.cache/firebase/tools/lib/node_modules/firebase-tools/node_modules/esbuild/lib/main.js:1786:15)
    at esbuildCommandAndArgs (/Users/admin/.cache/firebase/tools/lib/node_modules/firebase-tools/node_modules/esbuild/lib/main.js:1850:33)
    at ensureServiceIsRunning (/Users/admin/.cache/firebase/tools/lib/node_modules/firebase-tools/node_modules/esbuild/lib/main.js:2015:25)
    at Object.build (/Users/admin/.cache/firebase/tools/lib/node_modules/firebase-tools/node_modules/esbuild/lib/main.js:1906:26)
    at ɵcodegenFunctionsDirectory (/Users/admin/.cache/firebase/tools/lib/node_modules/firebase-tools/lib/frameworks/next/index.js:233:23)
    at async prepareFrameworks (/Users/admin/.cache/firebase/tools/lib/node_modules/firebase-tools/lib/frameworks/index.js:302:84)
    at async deploy (/Users/admin/.cache/firebase/tools/lib/node_modules/firebase-tools/lib/deploy/index.js:53:13)
[error] 
[error] Error: An unexpected error has occurred.
